Running: D:\TT_FPGA\14.7\ISE_DS\ISE\bin\nt64\unwrapped\fuse.exe -intstyle ise -incremental -lib unisims_ver -lib unimacro_ver -lib xilinxcorelib_ver -o D:/TT_FPGA/TSP_PST_TTR_TNV/test_isim_beh.exe -prj D:/TT_FPGA/TSP_PST_TTR_TNV/test_beh.prj work.test work.glbl 
ISim P.20131013 (signature 0x7708f090)
Number of CPUs detected in this system: 4
Turning on mult-threading, number of parallel sub-compilation jobs: 8 
Determining compilation order of HDL files
Analyzing Verilog file "D:/TT_FPGA/TSP_PST_TTR_TNV/TSP_PST_TTR_TNV.v" into library work
Analyzing Verilog file "D:/TT_FPGA/TSP_PST_TTR_TNV/test.v" into library work
Analyzing Verilog file "D:/TT_FPGA/14.7/ISE_DS/ISE//verilog/src/glbl.v" into library work
Starting static elaboration
Completed static elaboration
Compiling module TSP_PST_TTR_TNV
Compiling module test
Compiling module glbl
Time Resolution for simulation is 1ps.
Waiting for 1 sub-compilation(s) to finish...
WARNING:Simulator - Unable to copy libPortabilityNOSH.dll to the simulation executable directory: boost::filesystem::copy_file: The system cannot find the path specified, "isim\test_isim_beh.exe.sim\libPortability.dll".
Compiled 3 Verilog Units
Built simulation executable D:/TT_FPGA/TSP_PST_TTR_TNV/test_isim_beh.exe
Fuse Memory Usage: 26936 KB
Fuse CPU Usage: 811 ms
