Release 14.7 - xst P.20131013 (nt64)
Copyright (c) 1995-2013 Xilinx, Inc.  All rights reserved.
--> Parameter TMPDIR set to xst/projnav.tmp


Total REAL time to Xst completion: 0.00 secs
Total CPU time to Xst completion: 0.24 secs
 
--> Parameter xsthdpdir set to xst


Total REAL time to Xst completion: 0.00 secs
Total CPU time to Xst completion: 0.24 secs
 
--> Reading design: TSP_PST_TTR_TNV.prj

TABLE OF CONTENTS
  1) Synthesis Options Summary
  2) HDL Compilation
  3) Design Hierarchy Analysis
  4) HDL Analysis
  5) HDL Synthesis
     5.1) HDL Synthesis Report
  6) Advanced HDL Synthesis
     6.1) Advanced HDL Synthesis Report
  7) Low Level Synthesis
  8) Partition Report
  9) Final Report
	9.1) Device utilization summary
	9.2) Partition Resource Summary
	9.3) TIMING REPORT


=========================================================================
*                      Synthesis Options Summary                        *
=========================================================================
---- Source Parameters
Input File Name                    : "TSP_PST_TTR_TNV.prj"
Input Format                       : mixed
Ignore Synthesis Constraint File   : NO

---- Target Parameters
Output File Name                   : "TSP_PST_TTR_TNV"
Output Format                      : NGC
Target Device                      : xc3s500e-4-fg320

---- Source Options
Top Module Name                    : TSP_PST_TTR_TNV
Automatic FSM Extraction           : YES
FSM Encoding Algorithm             : Auto
Safe Implementation                : No
FSM Style                          : LUT
RAM Extraction                     : Yes
RAM Style                          : Auto
ROM Extraction                     : Yes
Mux Style                          : Auto
Decoder Extraction                 : YES
Priority Encoder Extraction        : Yes
Shift Register Extraction          : YES
Logical Shifter Extraction         : YES
XOR Collapsing                     : YES
ROM Style                          : Auto
Mux Extraction                     : Yes
Resource Sharing                   : YES
Asynchronous To Synchronous        : NO
Multiplier Style                   : Auto
Automatic Register Balancing       : No

---- Target Options
Add IO Buffers                     : YES
Global Maximum Fanout              : 100000
Add Generic Clock Buffer(BUFG)     : 24
Register Duplication               : YES
Slice Packing                      : YES
Optimize Instantiated Primitives   : NO
Use Clock Enable                   : Yes
Use Synchronous Set                : Yes
Use Synchronous Reset              : Yes
Pack IO Registers into IOBs        : Auto
Equivalent register Removal        : YES

---- General Options
Optimization Goal                  : Speed
Optimization Effort                : 1
Keep Hierarchy                     : No
Netlist Hierarchy                  : As_Optimized
RTL Output                         : Yes
Global Optimization                : AllClockNets
Read Cores                         : YES
Write Timing Constraints           : NO
Cross Clock Analysis               : NO
Hierarchy Separator                : /
Bus Delimiter                      : <>
Case Specifier                     : Maintain
Slice Utilization Ratio            : 100
BRAM Utilization Ratio             : 100
Verilog 2001                       : YES
Auto BRAM Packing                  : NO
Slice Utilization Ratio Delta      : 5

=========================================================================


=========================================================================
*                          HDL Compilation                              *
=========================================================================
Compiling verilog file "TSP_PST_TTR_TNV.v" in library work
Module <TSP_PST_TTR_TNV> compiled
No errors in compilation
Analysis of file <"TSP_PST_TTR_TNV.prj"> succeeded.
 

=========================================================================
*                     Design Hierarchy Analysis                         *
=========================================================================
Analyzing hierarchy for module <TSP_PST_TTR_TNV> in library <work>.


=========================================================================
*                            HDL Analysis                               *
=========================================================================
Analyzing top module <TSP_PST_TTR_TNV>.
Module <TSP_PST_TTR_TNV> is correct for synthesis.
 

=========================================================================
*                           HDL Synthesis                               *
=========================================================================

Performing bidirectional port resolution...

Synthesizing Unit <TSP_PST_TTR_TNV>.
    Related source file is "TSP_PST_TTR_TNV.v".
    Found 8-bit register for signal <led>.
    Found 8-bit adder for signal <$add0000> created at line 37.
    Found 8-bit adder for signal <$add0001> created at line 39.
    Found 4-bit adder for signal <$add0002> created at line 42.
    Found 4-bit adder for signal <$add0003> created at line 43.
    Found 4-bit adder for signal <$add0004> created at line 47.
    Found 4-bit adder for signal <$add0005> created at line 48.
    Found 2-bit comparator not equal for signal <led$cmp_ne0000> created at line 34.
    Found 1-bit 4-to-1 multiplexer for signal <led_0$mux0000>.
    Found 1-bit 4-to-1 multiplexer for signal <led_1$mux0000>.
    Found 1-bit 4-to-1 multiplexer for signal <led_2$mux0000>.
    Found 1-bit 4-to-1 multiplexer for signal <led_3$mux0000>.
    Found 1-bit 4-to-1 multiplexer for signal <led_4$mux0000>.
    Found 1-bit 4-to-1 multiplexer for signal <led_5$mux0000>.
    Found 1-bit 4-to-1 multiplexer for signal <led_6$mux0000>.
    Found 1-bit 4-to-1 multiplexer for signal <led_7$mux0000>.
    Found 2-bit register for signal <TT_led>.
    Summary:
	inferred  10 D-type flip-flop(s).
	inferred   6 Adder/Subtractor(s).
	inferred   1 Comparator(s).
	inferred   8 Multiplexer(s).
Unit <TSP_PST_TTR_TNV> synthesized.


=========================================================================
HDL Synthesis Report

Macro Statistics
# Adders/Subtractors                                   : 6
 4-bit adder                                           : 4
 8-bit adder                                           : 2
# Registers                                            : 9
 1-bit register                                        : 8
 2-bit register                                        : 1
# Comparators                                          : 1
 2-bit comparator not equal                            : 1
# Multiplexers                                         : 8
 1-bit 4-to-1 multiplexer                              : 8

=========================================================================

=========================================================================
*                       Advanced HDL Synthesis                          *
=========================================================================


=========================================================================
Advanced HDL Synthesis Report

Macro Statistics
# Adders/Subtractors                                   : 6
 4-bit adder                                           : 4
 8-bit adder                                           : 2
# Registers                                            : 10
 Flip-Flops                                            : 10
# Comparators                                          : 1
 2-bit comparator not equal                            : 1
# Multiplexers                                         : 8
 1-bit 4-to-1 multiplexer                              : 8

=========================================================================

=========================================================================
*                         Low Level Synthesis                           *
=========================================================================

Optimizing unit <TSP_PST_TTR_TNV> ...

Mapping all equations...
Building and optimizing final netlist ...
Found area constraint ratio of 100 (+ 5) on block TSP_PST_TTR_TNV, actual ratio is 0.

Final Macro Processing ...

=========================================================================
Final Register Report

Macro Statistics
# Registers                                            : 10
 Flip-Flops                                            : 10

=========================================================================

=========================================================================
*                           Partition Report                            *
=========================================================================

Partition Implementation Status
-------------------------------

  No Partitions were found in this design.

-------------------------------

=========================================================================
*                            Final Report                               *
=========================================================================
Final Results
RTL Top Level Output File Name     : TSP_PST_TTR_TNV.ngr
Top Level Output File Name         : TSP_PST_TTR_TNV
Output Format                      : NGC
Optimization Goal                  : Speed
Keep Hierarchy                     : No

Design Statistics
# IOs                              : 13

Cell Usage :
# BELS                             : 20
#      INV                         : 1
#      LUT2                        : 1
#      LUT3                        : 5
#      LUT3_D                      : 1
#      LUT4                        : 6
#      LUT4_D                      : 3
#      LUT4_L                      : 3
# FlipFlops/Latches                : 10
#      FDCE                        : 8
#      FDE                         : 2
# Clock Buffers                    : 1
#      BUFGP                       : 1
# IO Buffers                       : 12
#      IBUF                        : 4
#      OBUF                        : 8
=========================================================================

Device utilization summary:
---------------------------

Selected Device : 3s500efg320-4 

 Number of Slices:                       10  out of   4656     0%  
 Number of Slice Flip Flops:             10  out of   9312     0%  
 Number of 4 input LUTs:                 20  out of   9312     0%  
 Number of IOs:                          13
 Number of bonded IOBs:                  13  out of    232     5%  
 Number of GCLKs:                         1  out of     24     4%  

---------------------------
Partition Resource Summary:
---------------------------

  No Partitions were found in this design.

---------------------------


=========================================================================
TIMING REPORT

NOTE: THESE TIMING NUMBERS ARE ONLY A SYNTHESIS ESTIMATE.
      FOR ACCURATE TIMING INFORMATION PLEASE REFER TO THE TRACE REPORT
      GENERATED AFTER PLACE-and-ROUTE.

Clock Information:
------------------
-----------------------------------+------------------------+-------+
Clock Signal                       | Clock buffer(FF name)  | Load  |
-----------------------------------+------------------------+-------+
clk                                | BUFGP                  | 10    |
-----------------------------------+------------------------+-------+

Asynchronous Control Signals Information:
----------------------------------------
-----------------------------------+------------------------+-------+
Control Signal                     | Buffer(FF name)        | Load  |
-----------------------------------+------------------------+-------+
reset                              | IBUF                   | 8     |
-----------------------------------+------------------------+-------+

Timing Summary:
---------------
Speed Grade: -4

   Minimum period: 4.949ns (Maximum Frequency: 202.061MHz)
   Minimum input arrival time before clock: 5.978ns
   Maximum output required time after clock: 4.450ns
   Maximum combinational path delay: No path found

Timing Detail:
--------------
All values displayed in nanoseconds (ns)

=========================================================================
Timing constraint: Default period analysis for Clock 'clk'
  Clock period: 4.949ns (frequency: 202.061MHz)
  Total number of paths / destination ports: 94 / 8
-------------------------------------------------------------------------
Delay:               4.949ns (Levels of Logic = 3)
  Source:            led_0 (FF)
  Destination:       led_4 (FF)
  Source Clock:      clk rising
  Destination Clock: clk rising

  Data Path: led_0 to led_4
                                Gate     Net
    Cell:in->out      fanout   Delay   Delay  Logical Name (Net Name)
    ----------------------------------------  ------------
     FDCE:C->Q             3   0.591   0.706  led_0 (led_0)
     LUT4_D:I0->O          4   0.704   0.666  led_or000037 (led_or000037)
     LUT3_D:I1->O          3   0.704   0.566  led_or000052 (led_or0000)
     LUT3:I2->O            1   0.704   0.000  Mmux_led_4_mux00002 (led_4_mux0000)
     FDCE:D                    0.308          led_4
    ----------------------------------------
    Total                      4.949ns (3.011ns logic, 1.938ns route)
                                       (60.8% logic, 39.2% route)

=========================================================================
Timing constraint: Default OFFSET IN BEFORE for Clock 'clk'
  Total number of paths / destination ports: 45 / 20
-------------------------------------------------------------------------
Offset:              5.978ns (Levels of Logic = 4)
  Source:            mode<0> (PAD)
  Destination:       led_4 (FF)
  Destination Clock: clk rising

  Data Path: mode<0> to led_4
                                Gate     Net
    Cell:in->out      fanout   Delay   Delay  Logical Name (Net Name)
    ----------------------------------------  ------------
     IBUF:I->O            11   1.218   1.012  mode_0_IBUF (mode_0_IBUF)
     LUT4_D:I1->O          4   0.704   0.762  led_or000052_SW0 (N14)
     LUT3_D:I0->O          3   0.704   0.566  led_or000052 (led_or0000)
     LUT3:I2->O            1   0.704   0.000  Mmux_led_4_mux00002 (led_4_mux0000)
     FDCE:D                    0.308          led_4
    ----------------------------------------
    Total                      5.978ns (3.638ns logic, 2.340ns route)
                                       (60.9% logic, 39.1% route)

=========================================================================
Timing constraint: Default OFFSET OUT AFTER for Clock 'clk'
  Total number of paths / destination ports: 8 / 8
-------------------------------------------------------------------------
Offset:              4.450ns (Levels of Logic = 1)
  Source:            led_6 (FF)
  Destination:       led<6> (PAD)
  Source Clock:      clk rising

  Data Path: led_6 to led<6>
                                Gate     Net
    Cell:in->out      fanout   Delay   Delay  Logical Name (Net Name)
    ----------------------------------------  ------------
     FDCE:C->Q             4   0.591   0.587  led_6 (led_6)
     OBUF:I->O                 3.272          led_6_OBUF (led<6>)
    ----------------------------------------
    Total                      4.450ns (3.863ns logic, 0.587ns route)
                                       (86.8% logic, 13.2% route)

=========================================================================


Total REAL time to Xst completion: 16.00 secs
Total CPU time to Xst completion: 16.61 secs
 
--> 

Total memory usage is 4505860 kilobytes

Number of errors   :    0 (   0 filtered)
Number of warnings :    0 (   0 filtered)
Number of infos    :    0 (   0 filtered)

